<?xml version="1.0" encoding="UTF-8" ?>
<testsuite tests="4" failures="0" name="com.example.service.ImageServiceTest" time="1.226" errors="0" skipped="0">
  <properties>
[...]
</properties>
  <testcase classname="com.example.service.ImageServiceTest" name="testImagesClick1" time="0.934"/>
  <testcase classname="com.example.service.ImageServiceTest" name="testImagesClick2" time="0.106"/>
  <testcase classname="com.example.service.ImageServiceTest" name="testImagesClick3" time="0.098"/>
  <testcase classname="com.example.service.ImageServiceTest" name="testImagesClick4" time="0.088"/>
</testsuite>