# JRE version: Java(TM) SE Runtime Environment (8.0_291-b10) (build 1.8.0_291-b10)
# Java VM: Java HotSpot(TM) 64-Bit Server VM (25.291-b10 mixed mode windows-amd64 compressed oops)
Heap:
 PSYoungGen      total 342016K, used 166048K [0x000000076ed00000, 0x000000078a680000, 0x00000007c0000000)
  eden space 241664K, 41% used [0x000000076ed00000,0x0000000774fe8320,0x000000077d900000)
  from space 100352K, 64% used [0x0000000783e80000,0x0000000787dc0030,0x000000078a080000)
  to   space 103936K, 0% used [0x000000077d900000,0x000000077d900000,0x0000000783e80000)
 ParOldGen       total 177152K, used 88954K [0x00000006cc600000, 0x00000006d7300000, 0x000000076ed00000)
  object space 177152K, 50% used [0x00000006cc600000,0x00000006d1cde950,0x00000006d7300000)
 Metaspace       used 11310K, capacity 11522K, committed 11904K, reserved 1060864K
  class space    used 1257K, capacity 1323K, committed 1408K, reserved 1048576K
GC Heap History (10 events):
Event: 7.627 GC heap before
{Heap before GC invocations=3 (full 0):
 PSYoungGen      total 72704K, used 58177K [0x000000076ed00000, 0x0000000777b00000, 0x00000007c0000000)
  eden space 62464K, 76% used [0x000000076ed00000,0x0000000771bd1f48,0x0000000772a00000)
  from space 10240K, 99% used [0x0000000773400000,0x0000000773dfe608,0x0000000773e00000)
  to   space 10240K, 0% used [0x0000000772a00000,0x0000000772a00000,0x0000000773400000)
 ParOldGen       total 166912K, used 57037K [0x00000006cc600000, 0x00000006d6900000, 0x000000076ed00000)
  object space 166912K, 34% used [0x00000006cc600000,0x00000006cfdb3660,0x00000006d6900000)
 Metaspace       used 11257K, capacity 11522K, committed 11904K, reserved 1060864K
  class space    used 1257K, capacity 1323K, committed 1408K, reserved 1048576K
Event: 7.629 GC heap after
Heap after GC invocations=3 (full 0):
 PSYoungGen      total 72704K, used 1618K [0x000000076ed00000, 0x0000000777b00000, 0x00000007c0000000)
  eden space 62464K, 0% used [0x000000076ed00000,0x000000076ed00000,0x0000000772a00000)
  from space 10240K, 15% used [0x0000000772a00000,0x0000000772b94a18,0x0000000773400000)
  to   space 10240K, 0% used [0x0000000777100000,0x0000000777100000,0x0000000777b00000)
 ParOldGen       total 166912K, used 57045K [0x00000006cc600000, 0x00000006d6900000, 0x000000076ed00000)
  object space 166912K, 34% used [0x00000006cc600000,0x00000006cfdb5660,0x00000006d6900000)
 Metaspace       used 11257K, capacity 11522K, committed 11904K, reserved 1060864K
  class space    used 1257K, capacity 1323K, committed 1408K, reserved 1048576K
}
Event: 7.689 GC heap before
{Heap before GC invocations=4 (full 0):
 PSYoungGen      total 72704K, used 64082K [0x000000076ed00000, 0x0000000777b00000, 0x00000007c0000000)
  eden space 62464K, 100% used [0x000000076ed00000,0x0000000772a00000,0x0000000772a00000)
  from space 10240K, 15% used [0x0000000772a00000,0x0000000772b94a18,0x0000000773400000)
  to   space 10240K, 0% used [0x0000000777100000,0x0000000777100000,0x0000000777b00000)
 ParOldGen       total 166912K, used 57045K [0x00000006cc600000, 0x00000006d6900000, 0x000000076ed00000)
  object space 166912K, 34% used [0x00000006cc600000,0x00000006cfdb5660,0x00000006d6900000)
 Metaspace       used 11282K, capacity 11522K, committed 11904K, reserved 1060864K
  class space    used 1257K, capacity 1323K, committed 1408K, reserved 1048576K
Event: 7.702 GC heap after
Heap after GC invocations=4 (full 0):
 PSYoungGen      total 135168K, used 10233K [0x000000076ed00000, 0x0000000777b00000, 0x00000007c0000000)
  eden space 124928K, 0% used [0x000000076ed00000,0x000000076ed00000,0x0000000776700000)
  from space 10240K, 99% used [0x0000000777100000,0x0000000777afe608,0x0000000777b00000)
  to   space 10240K, 0% used [0x0000000776700000,0x0000000776700000,0x0000000777100000)
 ParOldGen       total 166912K, used 112702K [0x00000006cc600000, 0x00000006d6900000, 0x000000076ed00000)
  object space 166912K, 67% used [0x00000006cc600000,0x00000006d340fba0,0x00000006d6900000)
 Metaspace       used 11282K, capacity 11522K, committed 11904K, reserved 1060864K
  class space    used 1257K, capacity 1323K, committed 1408K, reserved 1048576K
}
Event: 7.702 GC heap before
{Heap before GC invocations=5 (full 1):
 PSYoungGen      total 135168K, used 10233K [0x000000076ed00000, 0x0000000777b00000, 0x00000007c0000000)
  eden space 124928K, 0% used [0x000000076ed00000,0x000000076ed00000,0x0000000776700000)
  from space 10240K, 99% used [0x0000000777100000,0x0000000777afe608,0x0000000777b00000)
  to   space 10240K, 0% used [0x0000000776700000,0x0000000776700000,0x0000000777100000)
 ParOldGen       total 166912K, used 112702K [0x00000006cc600000, 0x00000006d6900000, 0x000000076ed00000)
  object space 166912K, 67% used [0x00000006cc600000,0x00000006d340fba0,0x00000006d6900000)
 Metaspace       used 11282K, capacity 11522K, committed 11904K, reserved 1060864K
  class space    used 1257K, capacity 1323K, committed 1408K, reserved 1048576K
Event: 7.718 GC heap after
Heap after GC invocations=5 (full 1):
 PSYoungGen      total 135168K, used 0K [0x000000076ed00000, 0x0000000777b00000, 0x00000007c0000000)
  eden space 124928K, 0% used [0x000000076ed00000,0x000000076ed00000,0x0000000776700000)
  from space 10240K, 0% used [0x0000000777100000,0x0000000777100000,0x0000000777b00000)
  to   space 10240K, 0% used [0x0000000776700000,0x0000000776700000,0x0000000777100000)
 ParOldGen       total 177152K, used 34684K [0x00000006cc600000, 0x00000006d7300000, 0x000000076ed00000)
  object space 177152K, 19% used [0x00000006cc600000,0x00000006ce7df210,0x00000006d7300000)
 Metaspace       used 11282K, capacity 11522K, committed 11904K, reserved 1060864K
  class space    used 1257K, capacity 1323K, committed 1408K, reserved 1048576K
}
Event: 9.741 GC heap before
{Heap before GC invocations=6 (full 1):
 PSYoungGen      total 135168K, used 124928K [0x000000076ed00000, 0x0000000777b00000, 0x00000007c0000000)
  eden space 124928K, 100% used [0x000000076ed00000,0x0000000776700000,0x0000000776700000)
  from space 10240K, 0% used [0x0000000777100000,0x0000000777100000,0x0000000777b00000)
  to   space 10240K, 0% used [0x0000000776700000,0x0000000776700000,0x0000000777100000)
 ParOldGen       total 177152K, used 34684K [0x00000006cc600000, 0x00000006d7300000, 0x000000076ed00000)
  object space 177152K, 19% used [0x00000006cc600000,0x00000006ce7df210,0x00000006d7300000)
 Metaspace       used 11292K, capacity 11522K, committed 11904K, reserved 1060864K
  class space    used 1257K, capacity 1323K, committed 1408K, reserved 1048576K
Event: 9.749 GC heap after
Heap after GC invocations=6 (full 1):
 PSYoungGen      total 135168K, used 10240K [0x000000076ed00000, 0x000000078a080000, 0x00000007c0000000)
  eden space 124928K, 0% used [0x000000076ed00000,0x000000076ed00000,0x0000000776700000)
  from space 10240K, 100% used [0x0000000776700000,0x0000000777100000,0x0000000777100000)
  to   space 100352K, 0% used [0x0000000783e80000,0x0000000783e80000,0x000000078a080000)
 ParOldGen       total 177152K, used 88946K [0x00000006cc600000, 0x00000006d7300000, 0x000000076ed00000)
  object space 177152K, 50% used [0x00000006cc600000,0x00000006d1cdc950,0x00000006d7300000)
 Metaspace       used 11292K, capacity 11522K, committed 11904K, reserved 1060864K
  class space    used 1257K, capacity 1323K, committed 1408K, reserved 1048576K
}
Event: 10.651 GC heap before
{Heap before GC invocations=7 (full 1):
 PSYoungGen      total 135168K, used 135168K [0x000000076ed00000, 0x000000078a080000, 0x00000007c0000000)
  eden space 124928K, 100% used [0x000000076ed00000,0x0000000776700000,0x0000000776700000)
  from space 10240K, 100% used [0x0000000776700000,0x0000000777100000,0x0000000777100000)
  to   space 100352K, 0% used [0x0000000783e80000,0x0000000783e80000,0x000000078a080000)
 ParOldGen       total 177152K, used 88946K [0x00000006cc600000, 0x00000006d7300000, 0x000000076ed00000)
  object space 177152K, 50% used [0x00000006cc600000,0x00000006d1cdc950,0x00000006d7300000)
 Metaspace       used 11310K, capacity 11522K, committed 11904K, reserved 1060864K
  class space    used 1257K, capacity 1323K, committed 1408K, reserved 1048576K
Event: 10.668 GC heap after
Heap after GC invocations=7 (full 1):
 PSYoungGen      total 342016K, used 64768K [0x000000076ed00000, 0x000000078a680000, 0x00000007c0000000)
  eden space 241664K, 0% used [0x000000076ed00000,0x000000076ed00000,0x000000077d900000)
  from space 100352K, 64% used [0x0000000783e80000,0x0000000787dc0030,0x000000078a080000)
  to   space 103936K, 0% used [0x000000077d900000,0x000000077d900000,0x0000000783e80000)
 ParOldGen       total 177152K, used 88954K [0x00000006cc600000, 0x00000006d7300000, 0x000000076ed00000)
  object space 177152K, 50% used [0x00000006cc600000,0x00000006d1cde950,0x00000006d7300000)
 Metaspace       used 11310K, capacity 11522K, committed 11904K, reserved 1060864K
  class space    used 1257K, capacity 1323K, committed 1408K, reserved 1048576K
}

